<?xml version="1.0" encoding="UTF-8"?>
<!-- Generated by org.testng.reporters.JUnitReportReporter -->
<testsuite hostname="LAPTOP-H8GD1N65" failures="0" tests="1" name="firsttesting.firstclass" time="1.454" errors="0" timestamp="2023-06-03T16:46:24 IST" skipped="0">
  <testcase classname="firsttesting.firstclass" name="testscenario" time="1.454"/>
  <system-out/>
</testsuite> <!-- firsttesting.firstclass -->
