<?xml version="1.0" encoding="UTF-8"?>
<!-- Generated by org.testng.reporters.JUnitReportReporter -->
<testsuite hostname="LAPTOP-H8GD1N65" failures="0" tests="1" name="firsttesting.Practiceclass" time="7.766" errors="0" timestamp="2023-06-03T23:15:31 IST" skipped="0">
  <testcase classname="firsttesting.Practiceclass" name="testscenario" time="7.766"/>
  <system-out/>
</testsuite> <!-- firsttesting.Practiceclass -->
