<?xml version="1.0" encoding="UTF-8"?>
<!-- Generated by org.testng.reporters.JUnitReportReporter -->
<testsuite hostname="LAPTOP-H8GD1N65" failures="0" tests="1" name="firsttesting.tpointpractice" time="3.674" errors="0" timestamp="2023-06-04T12:33:34 IST" skipped="0">
  <testcase classname="firsttesting.tpointpractice" name="testscenario" time="3.674"/>
  <system-out/>
</testsuite> <!-- firsttesting.tpointpractice -->
