<?xml version="1.0" encoding="UTF-8"?>
<!-- Generated by org.testng.reporters.JUnitReportReporter -->
<testsuite hostname="LAPTOP-H8GD1N65" failures="0" tests="1" name="firsttesting.orangehmr" time="10.738" errors="0" timestamp="2023-06-04T16:34:03 IST" skipped="0">
  <testcase classname="firsttesting.orangehmr" name="testscenario" time="10.738"/>
  <system-out/>
</testsuite> <!-- firsttesting.orangehmr -->
